1    1.571747
2    1.324234
3    1.221914
4    1.474448
5    1.537992
6    0.009007
7    0.001823
8    0.004992
9    0.013733
10    0.006457
11    0.002008
12    0.014013
13    0.004027
14    0.002693
15    0.006691
16    0.003763
17    0.004683
18    0.012847
19    0.025393
20    0.021076
21    0.006816
22    0.021495
23    0.007601
24    0.011631
25    0.005966
26    0.017569
27    0.007256
28    0.018357
29    0.005816
30    0.016111
31    0.011769
32    0.013245
33    0.027621
34    0.022882
35    0.015998
36    0.011294
37    0.018452
38    0.01242
39    0.01993
40    0.024845
41    0.045282
42    0.014137
43    0.014947
44    0.015368
45    0.01873
46    0.019192
