1    1.292398
2    3.591898
3    4.364935
4    5.875001
5    9.011531
6    0.635016
7    0.101854
8    0.032475
9    0.111275
10    0.132396
11    0.015119
12    0.140192
13    0.131711
14    0.107432
15    0.471854
16    0.085647
17    0.231459
18    0.67833
19    0.911901
20    0.404594
21    0.216463
22    0.522558
23    0.594777
24    0.391503
25    0.420286
26    0.629008
27    0.425943
28    0.551377
29    0.725743
30    0.47917
31    0.76829
32    1.343456
33    1.487346
34    1.163205
35    0.968194
36    0.924474
37    1.197579
38    1.013466
39    1.643752
40    1.246591
41    2.191984
42    1.338561
43    1.441225
44    1.589357
45    1.569433
46    1.723346
