1    0
2    0
3    0
4    0
5    0
6    0.534407
7    0.10315
8    0.037019
9    0.125122
10    0.11575
11    0.017199
12    0.153729
13    0.135211
14    0.110204
15    0.383435
16    0.08895
17    0.236406
18    0.585253
19    0.797168
20    0.392041
21    0.223515
22    0.487081
23    0.55802
24    0.241696
25    0.275508
26    0.523037
27    0.432141
28    0.368392
29    0.510813
30    0.212075
31    0.532501
32    0.895111
33    0.915243
34    0.863384
35    0.688444
36    0.60593
37    0.775941
38    0.641738
39    1.211879
40    0.691387
41    1.411725
42    0.841988
43    0.915619
44    1.024418
45    1.146745
46    1.175244
