1    0
2    0
3    0
4    0
5    0
6    0.111082
7    0.000874
8    0.000842
9    0
10    0.024235
11    0
12    0.000886
13    0.000931
14    0
15    0.095935
16    0.000813
17    0
18    0.109442
19    0.141344
20    0.03499
21    0
22    0.058059
23    0.045052
24    0.164158
25    0.152228
26    0.124947
27    0.001885
28    0.203476
29    0.222935
30    0.286707
31    0.25237
32    0.47751
33    0.607534
34    0.327117
35    0.300106
36    0.333883
37    0.444145
38    0.388503
39    0.459588
40    0.588684
41    0.83415
42    0.516811
43    0.547335
44    0.597349
45    0.447909
46    0.575524
