1    0
2    0
3    0
4    0
5    0
6    0.006863
7    0.008661
8    0.007529
9    0.0068
10    0.02351
11    0.007532
12    0.007676
13    0.007866
14    0.007781
15    0.007609
16    0.017504
17    0.00782
18    0.008115
19    0.019576
20    0.00986
21    0.010252
22    0.010341
23    0.010693
24    0.01093
25    0.009215
26    0.009114
27    0.020429
28    0.010254
29    0.027645
30    0.010682
31    0.010577
32    0.010862
33    0.010146
34    0.010248
35    0.010509
36    0.020032
37    0.010041
38    0.010188
39    0.027677
40    0.009982
41    0.020117
42    0.009978
43    0.013173
44    0.021764
45    0.012545
46    0.013286
