1    6.077899596
2    8.119446047
3    11.32111945
4    15.24899019
5    18.04356607
6    18.85185185
7    19.4
8    18.2
9    17.90909091
10    18.84210526
11    19.66666667
12    19.58333333
13    19.58333333
14    19
15    19.3
16    19.63636364
17    20.71428571
18    19.92105263
19    20.8
20    20.59259259
21    20.11111111
22    20.78571429
23    22.2
24    20.41935484
25    21.52941176
26    20.62962963
27    21.10526316
28    21.81818182
29    24.06666667
30    23.0625
31    22.03448276
32    22.62857143
33    22.56862745
34    23.2972973
35    22.97826087
36    23.21212121
37    23.41666667
38    23.47222222
39    23.23214286
40    23
41    23.42
42    22.97560976
43    22.97674419
44    23.56818182
45    24.05555556
46    23.94545455
